Using pre-set license
Built from 'HEAD' branch; Version is '2021.3.15f1c1 (080beb55ecda) revision 527339'; Using compiler version '192829333'; Build Type 'Release'
OS: 'Windows 10  (10.0.19044) 64bit CoreCountrySpecific' Language: 'zh' Physical Memory: 16178 MB
BatchMode: 1, IsHumanControllingUs: 0, StartBugReporterOnCrash: 0, Is64bit: 1, IsPro: 1

COMMAND LINE ARGUMENTS:
D:\Unity\2021.3.15f1c1\Editor\Unity.exe
-adb2
-batchMode
-noUpm
-name
AssetImportWorker3
-projectPath
D:/Unity/projects/crab
-logFile
Logs/AssetImportWorker3.log
-srvPort
54159
Successfully changed project path to: D:/Unity/projects/crab
D:/Unity/projects/crab
[UnityMemory] Configuration Parameters - Can be set up in boot.config
    "memorysetup-bucket-allocator-granularity=16"
    "memorysetup-bucket-allocator-bucket-count=8"
    "memorysetup-bucket-allocator-block-size=33554432"
    "memorysetup-bucket-allocator-block-count=8"
    "memorysetup-main-allocator-block-size=16777216"
    "memorysetup-thread-allocator-block-size=16777216"
    "memorysetup-gfx-main-allocator-block-size=16777216"
    "memorysetup-gfx-thread-allocator-block-size=16777216"
    "memorysetup-cache-allocator-block-size=4194304"
    "memorysetup-typetree-allocator-block-size=2097152"
    "memorysetup-profiler-bucket-allocator-granularity=16"
    "memorysetup-profiler-bucket-allocator-bucket-count=8"
    "memorysetup-profiler-bucket-allocator-block-size=33554432"
    "memorysetup-profiler-bucket-allocator-block-count=8"
    "memorysetup-profiler-allocator-block-size=16777216"
    "memorysetup-profiler-editor-allocator-block-size=1048576"
    "memorysetup-temp-allocator-size-main=16777216"
    "memorysetup-job-temp-allocator-block-size=2097152"
    "memorysetup-job-temp-allocator-block-size-background=1048576"
    "memorysetup-job-temp-allocator-reduction-small-platforms=262144"
    "memorysetup-temp-allocator-size-background-worker=32768"
    "memorysetup-temp-allocator-size-job-worker=262144"
    "memorysetup-temp-allocator-size-preload-manager=33554432"
    "memorysetup-temp-allocator-size-nav-mesh-worker=65536"
    "memorysetup-temp-allocator-size-audio-worker=65536"
    "memorysetup-temp-allocator-size-cloud-worker=32768"
    "memorysetup-temp-allocator-size-gi-baking-worker=262144"
    "memorysetup-temp-allocator-size-gfx=262144"
Player connection [2560] Host "[IP] 192.168.1.5 [Port] 0 [Flags] 2 [Guid] 3405844384 [EditorId] 3405844384 [Version] 1048832 [Id] WindowsEditor(7,DESKTOP-7KTLVHH) [Debug] 1 [PackageName] WindowsEditor [ProjectName] Editor" joined multi-casting on [225.0.0.222:54997]...

Player connection [2560] Host "[IP] 192.168.1.5 [Port] 0 [Flags] 2 [Guid] 3405844384 [EditorId] 3405844384 [Version] 1048832 [Id] WindowsEditor(7,DESKTOP-7KTLVHH) [Debug] 1 [PackageName] WindowsEditor [ProjectName] Editor" joined alternative multi-casting on [225.0.0.222:34997]...

AS: AutoStreaming module initializing.
Refreshing native plugins compatible for Editor in 78.84 ms, found 3 plugins.
Preloading 0 native plugins for Editor in 0.00 ms.
Initialize engine version: 2021.3.15f1c1 (080beb55ecda)
[Subsystems] Discovering subsystems at path D:/Unity/2021.3.15f1c1/Editor/Data/Resources/UnitySubsystems
[Subsystems] Discovering subsystems at path D:/Unity/projects/crab/Assets
GfxDevice: creating device client; threaded=0; jobified=0
Direct3D:
    Version:  Direct3D 11.0 [level 11.1]
    Renderer: NVIDIA GeForce GTX 1060 with Max-Q Design (ID=0x1c20)
    Vendor:   NVIDIA
    VRAM:     6052 MB
    Driver:   27.21.14.6231
Initialize mono
Mono path[0] = 'D:/Unity/2021.3.15f1c1/Editor/Data/Managed'
Mono path[1] = 'D:/Unity/2021.3.15f1c1/Editor/Data/MonoBleedingEdge/lib/mono/unityjit-win32'
Mono config path = 'D:/Unity/2021.3.15f1c1/Editor/Data/MonoBleedingEdge/etc'
Using monoOptions --debugger-agent=transport=dt_socket,embedding=1,server=y,suspend=n,address=127.0.0.1:56616
Begin MonoManager ReloadAssembly
Registering precompiled unity dll's ...
Register platform support module: D:/Unity/2021.3.15f1c1/Editor/Data/PlaybackEngines/WindowsStandaloneSupport/UnityEditor.WindowsStandalone.Extensions.dll
Registered in 0.003211 seconds.
Native extension for WindowsStandalone target not found
Refreshing native plugins compatible for Editor in 113.89 ms, found 3 plugins.
Preloading 0 native plugins for Editor in 0.00 ms.
Mono: successfully reloaded assembly
- Completed reload, in  0.817 seconds
Domain Reload Profiling:
	ReloadAssembly (817ms)
		BeginReloadAssembly (91ms)
			ExecutionOrderSort (0ms)
			DisableScriptedObjects (0ms)
			BackupInstance (0ms)
			ReleaseScriptingObjects (0ms)
			CreateAndSetChildDomain (1ms)
		EndReloadAssembly (569ms)
			LoadAssemblies (87ms)
			RebuildTransferFunctionScriptingTraits (0ms)
			SetupTypeCache (138ms)
			ReleaseScriptCaches (0ms)
			RebuildScriptCaches (37ms)
			SetupLoadedEditorAssemblies (327ms)
				LogAssemblyErrors (0ms)
				InitializePlatformSupportModulesInManaged (7ms)
				SetLoadedEditorAssemblies (0ms)
				RefreshPlugins (114ms)
				BeforeProcessingInitializeOnLoad (2ms)
				ProcessInitializeOnLoadAttributes (142ms)
				ProcessInitializeOnLoadMethodAttributes (61ms)
				AfterProcessingInitializeOnLoad (0ms)
				EditorAssembliesLoaded (0ms)
			ExecutionOrderSort2 (0ms)
			AwakeInstancesAfterBackupRestoration (0ms)
Platform modules already initialized, skipping
Registering precompiled user dll's ...
Registered in 0.015446 seconds.
Begin MonoManager ReloadAssembly
Symbol file LoadedFromMemory doesn't match image D:\Unity\projects\crab\Library\PackageCache\com.unity.visualscripting@1.7.8\Editor\VisualScripting.Core\Dependencies\YamlDotNet\Unity.VisualScripting.YamlDotNet.dll
Symbol file LoadedFromMemory doesn't match image D:\Unity\projects\crab\Library\PackageCache\com.unity.visualscripting@1.7.8\Editor\VisualScripting.Core\Dependencies\DotNetZip\Unity.VisualScripting.IonicZip.dll
Native extension for WindowsStandalone target not found
Refreshing native plugins compatible for Editor in 0.54 ms, found 3 plugins.
Preloading 0 native plugins for Editor in 0.00 ms.
Mono: successfully reloaded assembly
- Completed reload, in  1.778 seconds
Domain Reload Profiling:
	ReloadAssembly (1779ms)
		BeginReloadAssembly (120ms)
			ExecutionOrderSort (0ms)
			DisableScriptedObjects (6ms)
			BackupInstance (0ms)
			ReleaseScriptingObjects (0ms)
			CreateAndSetChildDomain (19ms)
		EndReloadAssembly (1507ms)
			LoadAssemblies (91ms)
			RebuildTransferFunctionScriptingTraits (0ms)
			SetupTypeCache (358ms)
			ReleaseScriptCaches (1ms)
			RebuildScriptCaches (52ms)
			SetupLoadedEditorAssemblies (975ms)
				LogAssemblyErrors (0ms)
				InitializePlatformSupportModulesInManaged (4ms)
				SetLoadedEditorAssemblies (0ms)
				RefreshPlugins (1ms)
				BeforeProcessingInitializeOnLoad (89ms)
				ProcessInitializeOnLoadAttributes (851ms)
				ProcessInitializeOnLoadMethodAttributes (22ms)
				AfterProcessingInitializeOnLoad (7ms)
				EditorAssembliesLoaded (0ms)
			ExecutionOrderSort2 (0ms)
			AwakeInstancesAfterBackupRestoration (7ms)
Platform modules already initialized, skipping
========================================================================
Worker process is ready to serve import requests
Launched and connected shader compiler UnityShaderCompiler.exe after 0.14 seconds
Refreshing native plugins compatible for Editor in 0.83 ms, found 3 plugins.
Preloading 0 native plugins for Editor in 0.00 ms.
Unloading 3371 Unused Serialized files (Serialized files now loaded: 0)
Unloading 27 unused Assets / (114.1 KB). Loaded Objects now: 3833.
Memory consumption went from 121.9 MB to 121.8 MB.
Total: 3.965200 ms (FindLiveObjects: 0.251500 ms CreateObjectMapping: 0.282400 ms MarkObjects: 3.328400 ms  DeleteObjects: 0.101900 ms)

AssetImportParameters requested are different than current active one (requested -> active):
  custom:video-decoder-ogg-theora: a1e56fd34408186e4bbccfd4996cb3dc -> 
  custom:container-muxer-webm: aa71ff27fc2769a1b78a27578f13a17b -> 
  custom:container-demuxer-webm: 4f35f7cbe854078d1ac9338744f61a02 -> 
  custom:video-encoder-webm-vp8: eb34c28f22e8b96e1ab97ce403110664 -> 
  custom:audio-encoder-webm-vorbis: bf7c407c2cedff20999df2af8eb42d56 -> 
  custom:framework-win-MediaFoundation: 216162199b28c13a410421893ffa2e32 -> 
  custom:container-demuxer-ogg: 62fdf1f143b41e24485cea50d1cbac27 -> 
  custom:video-decoder-webm-vp8: 9c59270c3fd7afecdb556c50c9e8de78 -> 
  custom:audio-decoder-ogg-vorbis: bf7c407c2cedff20999df2af8eb42d56 -> 
========================================================================
Received Import Request.
  Time since last request: 351331.555485 seconds.
  path: Assets/Under Water/Models/Anemone_A_03.fbx
  artifactKey: Guid(212fa185820bf9e47ae0e6f4d5943c49) Importer(815301076,1909f56bfc062723c751e8b465ee728b)
Start importing Assets/Under Water/Models/Anemone_A_03.fbx using Guid(212fa185820bf9e47ae0e6f4d5943c49) Importer(815301076,1909f56bfc062723c751e8b465ee728b)  -> (artifact id: '2baabad5ce4f596691fbdb669e7cfd51') in 0.543424 seconds 
========================================================================
Received Import Request.
  Time since last request: 0.000018 seconds.
  path: Assets/Under Water/Models/Anemone_B_03.fbx
  artifactKey: Guid(5d0a0473a99f5434ea479826682b336b) Importer(815301076,1909f56bfc062723c751e8b465ee728b)
Start importing Assets/Under Water/Models/Anemone_B_03.fbx using Guid(5d0a0473a99f5434ea479826682b336b) Importer(815301076,1909f56bfc062723c751e8b465ee728b)  -> (artifact id: 'db26fc9525491fe45913405ad3794406') in 0.082572 seconds 
========================================================================
Received Import Request.
  Time since last request: 0.000026 seconds.
  path: Assets/Jiffycrew/[Low Poly] Animated Sea Animals Vol.1/Art/Meshes/Clams.fbx
  artifactKey: Guid(8432add98eb3e1941ba90663616c160d) Importer(815301076,1909f56bfc062723c751e8b465ee728b)
Start importing Assets/Jiffycrew/[Low Poly] Animated Sea Animals Vol.1/Art/Meshes/Clams.fbx using Guid(8432add98eb3e1941ba90663616c160d) Importer(815301076,1909f56bfc062723c751e8b465ee728b)  -> (artifact id: 'b9939c11bac9fd746c173fe4bc8acdce') in 0.940600 seconds 
========================================================================
Received Import Request.
  Time since last request: 74.473623 seconds.
  path: Assets/Under Water/Models/Coral_A_02.fbx
  artifactKey: Guid(b56b2d1260522d949892edb9d9f88363) Importer(815301076,1909f56bfc062723c751e8b465ee728b)
Start importing Assets/Under Water/Models/Coral_A_02.fbx using Guid(b56b2d1260522d949892edb9d9f88363) Importer(815301076,1909f56bfc062723c751e8b465ee728b)  -> (artifact id: 'd2b3db617e9ec61521a82cb6020db8a7') in 0.133055 seconds 
========================================================================
Received Import Request.
  Time since last request: 0.000018 seconds.
  path: Assets/Under Water/Models/Coral_A_03.fbx
  artifactKey: Guid(b63ad9067c71ea442bea83a109b650f8) Importer(815301076,1909f56bfc062723c751e8b465ee728b)
Start importing Assets/Under Water/Models/Coral_A_03.fbx using Guid(b63ad9067c71ea442bea83a109b650f8) Importer(815301076,1909f56bfc062723c751e8b465ee728b)  -> (artifact id: 'a417cf404d8729a90d41bfb04221047b') in 0.139654 seconds 
========================================================================
Received Import Request.
  Time since last request: 0.144705 seconds.
  path: Assets/Under Water/Models/Coral_B_03.fbx
  artifactKey: Guid(b28a46ccad7c1c44f88f01c1b74b37b9) Importer(815301076,1909f56bfc062723c751e8b465ee728b)
Start importing Assets/Under Water/Models/Coral_B_03.fbx using Guid(b28a46ccad7c1c44f88f01c1b74b37b9) Importer(815301076,1909f56bfc062723c751e8b465ee728b)  -> (artifact id: 'f1517df85836d415cadbd9939b712298') in 0.151935 seconds 
========================================================================
Received Import Request.
  Time since last request: 0.000019 seconds.
  path: Assets/Under Water/Models/Coral_C_02.fbx
  artifactKey: Guid(63c9c977a2023e74b81b4c90cb331221) Importer(815301076,1909f56bfc062723c751e8b465ee728b)
Start importing Assets/Under Water/Models/Coral_C_02.fbx using Guid(63c9c977a2023e74b81b4c90cb331221) Importer(815301076,1909f56bfc062723c751e8b465ee728b)  -> (artifact id: 'c63dd2c2e172d8a63631eb2e301d5010') in 0.162283 seconds 
========================================================================
Received Import Request.
  Time since last request: 0.056728 seconds.
  path: Assets/Under Water/Models/Coral_D_01.fbx
  artifactKey: Guid(11263e52ac7c5b148a4baf9baf4313e9) Importer(815301076,1909f56bfc062723c751e8b465ee728b)
Start importing Assets/Under Water/Models/Coral_D_01.fbx using Guid(11263e52ac7c5b148a4baf9baf4313e9) Importer(815301076,1909f56bfc062723c751e8b465ee728b)  -> (artifact id: '11838df5e7d8ba7f1a404fe766bc80ad') in 0.192966 seconds 
========================================================================
Received Import Request.
  Time since last request: 0.000020 seconds.
  path: Assets/Under Water/Models/Coral_D_02.fbx
  artifactKey: Guid(7ab1bc3bc1f5810479264a995ac4556b) Importer(815301076,1909f56bfc062723c751e8b465ee728b)
Start importing Assets/Under Water/Models/Coral_D_02.fbx using Guid(7ab1bc3bc1f5810479264a995ac4556b) Importer(815301076,1909f56bfc062723c751e8b465ee728b)  -> (artifact id: 'ca3c075b64a36ee88686931d985704db') in 0.162046 seconds 
========================================================================
Received Import Request.
  Time since last request: 0.083051 seconds.
  path: Assets/Quirky Series Vol 2/Sea/Crab/Models/Crab_LOD2.fbx
  artifactKey: Guid(7cbce80bbce2fc14f9c6958d1a90dd4e) Importer(815301076,1909f56bfc062723c751e8b465ee728b)
Start importing Assets/Quirky Series Vol 2/Sea/Crab/Models/Crab_LOD2.fbx using Guid(7cbce80bbce2fc14f9c6958d1a90dd4e) Importer(815301076,1909f56bfc062723c751e8b465ee728b)  -> (artifact id: '2520375d5456eef4f3e89f6bc9fa260f') in 0.404272 seconds 
========================================================================
Received Import Request.
  Time since last request: 0.000019 seconds.
  path: Assets/Jiffycrew/[Low Poly] Animated Sea Animals Vol.1/Art/Meshes/Crab.fbx
  artifactKey: Guid(3c5715fba2a530c4ebd10f6fe399e72e) Importer(815301076,1909f56bfc062723c751e8b465ee728b)
Start importing Assets/Jiffycrew/[Low Poly] Animated Sea Animals Vol.1/Art/Meshes/Crab.fbx using Guid(3c5715fba2a530c4ebd10f6fe399e72e) Importer(815301076,1909f56bfc062723c751e8b465ee728b)  -> (artifact id: '03028a58f5f52638a380bcab76f966d7') in 0.381873 seconds 
========================================================================
Received Import Request.
  Time since last request: 0.000023 seconds.
  path: Assets/Under Water/Models/Elkhorn_01.fbx
  artifactKey: Guid(d5759bef38cc8a9408e4ae9006aef992) Importer(815301076,1909f56bfc062723c751e8b465ee728b)
Start importing Assets/Under Water/Models/Elkhorn_01.fbx using Guid(d5759bef38cc8a9408e4ae9006aef992) Importer(815301076,1909f56bfc062723c751e8b465ee728b)  -> (artifact id: 'fb754ec078da3bf9b67f3701f5ccc448') in 0.113093 seconds 
========================================================================
Received Import Request.
  Time since last request: 0.936921 seconds.
  path: Assets/Under Water/Models/Elkhorn_03.fbx
  artifactKey: Guid(b7e7007a5f21d7141964a1a6667bd492) Importer(815301076,1909f56bfc062723c751e8b465ee728b)
Start importing Assets/Under Water/Models/Elkhorn_03.fbx using Guid(b7e7007a5f21d7141964a1a6667bd492) Importer(815301076,1909f56bfc062723c751e8b465ee728b)  -> (artifact id: '325b87c289f945c47d132989eee3ffa1') in 0.438705 seconds 
========================================================================
Received Import Request.
  Time since last request: 1.538977 seconds.
  path: Assets/Under Water/Models/Rock_A_01.fbx
  artifactKey: Guid(e652253e45bc51b41958c396109aeb7d) Importer(815301076,1909f56bfc062723c751e8b465ee728b)
Start importing Assets/Under Water/Models/Rock_A_01.fbx using Guid(e652253e45bc51b41958c396109aeb7d) Importer(815301076,1909f56bfc062723c751e8b465ee728b)  -> (artifact id: 'b6c306de6d7e9e4d947ef811d22734fe') in 0.647112 seconds 
========================================================================
Received Import Request.
  Time since last request: 0.121798 seconds.
  path: Assets/Jiffycrew/[Low Poly] Animated Sea Animals Vol.1/Art/Meshes/SeaTurtle.fbx
  artifactKey: Guid(ab84ba260ca227d40a81fa216f8b2852) Importer(815301076,1909f56bfc062723c751e8b465ee728b)
Start importing Assets/Jiffycrew/[Low Poly] Animated Sea Animals Vol.1/Art/Meshes/SeaTurtle.fbx using Guid(ab84ba260ca227d40a81fa216f8b2852) Importer(815301076,1909f56bfc062723c751e8b465ee728b)  -> (artifact id: '228e78b2d8a3c09b3752e6e03dd094ab') in 0.199843 seconds 
========================================================================
Received Import Request.
  Time since last request: 0.267587 seconds.
  path: Assets/Jiffycrew/[Low Poly] Animated Sea Animals Vol.1/Art/Meshes/Sebastes.fbx
  artifactKey: Guid(474f56751a8784241927880d5451a97f) Importer(815301076,1909f56bfc062723c751e8b465ee728b)
Start importing Assets/Jiffycrew/[Low Poly] Animated Sea Animals Vol.1/Art/Meshes/Sebastes.fbx using Guid(474f56751a8784241927880d5451a97f) Importer(815301076,1909f56bfc062723c751e8b465ee728b)  -> (artifact id: '472d33ca36460a0c4ae218c8cf9adc66') in 0.110647 seconds 
========================================================================
Received Import Request.
  Time since last request: 24.589092 seconds.
  path: Assets/Jiffycrew/[Low Poly] Animated Sea Animals Vol.1/Art/Meshes/Squid.fbx
  artifactKey: Guid(4c25e9dc76768294fae9242f02876584) Importer(815301076,1909f56bfc062723c751e8b465ee728b)
Start importing Assets/Jiffycrew/[Low Poly] Animated Sea Animals Vol.1/Art/Meshes/Squid.fbx using Guid(4c25e9dc76768294fae9242f02876584) Importer(815301076,1909f56bfc062723c751e8b465ee728b)  -> (artifact id: '10e1fcf9879ccf42679e6951ed601377') in 0.262396 seconds 
========================================================================
Received Import Request.
  Time since last request: 0.028616 seconds.
  path: Assets/Under Water/Models/Starfish_03.fbx
  artifactKey: Guid(8245432221c4094439883fd110913e6a) Importer(815301076,1909f56bfc062723c751e8b465ee728b)
Start importing Assets/Under Water/Models/Starfish_03.fbx using Guid(8245432221c4094439883fd110913e6a) Importer(815301076,1909f56bfc062723c751e8b465ee728b)  -> (artifact id: 'da181e851141912d35ef9ec04068f63b') in 0.118685 seconds 
========================================================================
Received Prepare
Registering precompiled user dll's ...
Registered in 0.013157 seconds.
Begin MonoManager ReloadAssembly
Symbol file LoadedFromMemory doesn't match image D:\Unity\projects\crab\Library\PackageCache\com.unity.visualscripting@1.7.8\Editor\VisualScripting.Core\Dependencies\YamlDotNet\Unity.VisualScripting.YamlDotNet.dll
Symbol file LoadedFromMemory doesn't match image D:\Unity\projects\crab\Library\PackageCache\com.unity.visualscripting@1.7.8\Editor\VisualScripting.Core\Dependencies\DotNetZip\Unity.VisualScripting.IonicZip.dll
Native extension for WindowsStandalone target not found
Refreshing native plugins compatible for Editor in 1.09 ms, found 3 plugins.
Preloading 0 native plugins for Editor in 0.00 ms.
Mono: successfully reloaded assembly
- Completed reload, in  1.446 seconds
Domain Reload Profiling:
	ReloadAssembly (1447ms)
		BeginReloadAssembly (176ms)
			ExecutionOrderSort (0ms)
			DisableScriptedObjects (5ms)
			BackupInstance (0ms)
			ReleaseScriptingObjects (0ms)
			CreateAndSetChildDomain (46ms)
		EndReloadAssembly (1105ms)
			LoadAssemblies (118ms)
			RebuildTransferFunctionScriptingTraits (0ms)
			SetupTypeCache (407ms)
			ReleaseScriptCaches (2ms)
			RebuildScriptCaches (62ms)
			SetupLoadedEditorAssemblies (451ms)
				LogAssemblyErrors (0ms)
				InitializePlatformSupportModulesInManaged (19ms)
				SetLoadedEditorAssemblies (0ms)
				RefreshPlugins (1ms)
				BeforeProcessingInitializeOnLoad (97ms)
				ProcessInitializeOnLoadAttributes (290ms)
				ProcessInitializeOnLoadMethodAttributes (32ms)
				AfterProcessingInitializeOnLoad (11ms)
				EditorAssembliesLoaded (0ms)
			ExecutionOrderSort2 (0ms)
			AwakeInstancesAfterBackupRestoration (11ms)
Platform modules already initialized, skipping
Refreshing native plugins compatible for Editor in 4.64 ms, found 3 plugins.
Preloading 0 native plugins for Editor in 0.00 ms.
Unloading 3364 Unused Serialized files (Serialized files now loaded: 0)
Unloading 20 unused Assets / (81.1 KB). Loaded Objects now: 3882.
Memory consumption went from 139.2 MB to 139.1 MB.
Total: 6.772200 ms (FindLiveObjects: 0.362800 ms CreateObjectMapping: 0.345200 ms MarkObjects: 5.910300 ms  DeleteObjects: 0.152400 ms)

AssetImportParameters requested are different than current active one (requested -> active):
  custom:video-decoder-ogg-theora: a1e56fd34408186e4bbccfd4996cb3dc -> 
  custom:container-muxer-webm: aa71ff27fc2769a1b78a27578f13a17b -> 
  custom:container-demuxer-webm: 4f35f7cbe854078d1ac9338744f61a02 -> 
  custom:video-encoder-webm-vp8: eb34c28f22e8b96e1ab97ce403110664 -> 
  custom:audio-encoder-webm-vorbis: bf7c407c2cedff20999df2af8eb42d56 -> 
  custom:framework-win-MediaFoundation: 216162199b28c13a410421893ffa2e32 -> 
  custom:container-demuxer-ogg: 62fdf1f143b41e24485cea50d1cbac27 -> 
  custom:video-decoder-webm-vp8: 9c59270c3fd7afecdb556c50c9e8de78 -> 
  custom:audio-decoder-ogg-vorbis: bf7c407c2cedff20999df2af8eb42d56 -> 
Editor requested this worker to shutdown with reason: Scaling down because of idle timeout
AssetImportWorker is now disconnected from the server
Process exiting
Exiting without the bug reporter. Application will terminate with return code 0